2025-11-21 13:42:40,873 - [INFO] - функция:load_config - содержание:Конфигурация успешно загружена: C:\Users\18890\.zhao_config.json
2025-11-21 13:42:48,597 - [INFO] - функция:save_config - содержание:Конфигурация успешно сохранена: C:\Users\18890\.zhao_config.json
2025-11-21 13:42:56,244 - [INFO] - функция:save_config - содержание:Конфигурация успешно сохранена: C:\Users\18890\.zhao_config.json
2025-11-21 13:42:57,535 - [INFO] - функция:get_all_files - содержание:Начало рекурсивного сканирования папки：C:/Users/18890/Desktop/box_5/test_catalog/unsorted
2025-11-21 13:42:57,538 - [INFO] - функция:get_all_files - содержание:Сканирование папки завершено：C:/Users/18890/Desktop/box_5/test_catalog/unsorted,собрано 10 действительных файлов
2025-11-21 13:42:57,538 - [INFO] - функция:get_all_files - содержание:Начало рекурсивного сканирования папки：C:/Users/18890/Desktop/box_5/test_catalog/sorted
2025-11-21 13:42:57,539 - [INFO] - функция:get_all_files - содержание:Сканирование папки завершено：C:/Users/18890/Desktop/box_5/test_catalog/sorted,собрано 5 действительных файлов
2025-11-21 13:42:57,540 - [INFO] - функция:get_ignore_list_path - содержание:Путь к списку исключений: C:\Users\18890\Desktop\box_5\test_catalog\Игнор-лист\ignore_list.txt
2025-11-21 13:42:57,542 - [INFO] - функция:load_ignore_list - содержание:Загрузка списка игнорирования: 1 条
2025-11-21 13:42:57,542 - [INFO] - функция:find_unsorted_files - содержание:Начало фильтрации неотсортированных файлов：общее количество исходных файлов=10,общее количество отсортированных файлов=5,список игнорируемых файлов=['1.pptx']
2025-11-21 13:42:57,543 - [INFO] - функция:find_unsorted_files - содержание:Фильтрация неотсортированных файлов завершена,найдено 5 неотсортированных файлов
2025-11-21 13:42:59,525 - [INFO] - функция:get_ignore_list_path - содержание:Путь к списку исключений: C:\Users\18890\Desktop\box_5\test_catalog\Игнор-лист\ignore_list.txt
2025-11-21 13:42:59,526 - [INFO] - функция:load_ignore_list - содержание:Загрузка списка игнорирования: 1 条
2025-11-21 13:42:59,527 - [INFO] - функция:get_ignore_list_path - содержание:Путь к списку исключений: C:\Users\18890\Desktop\box_5\test_catalog\Игнор-лист\ignore_list.txt
2025-11-21 13:42:59,532 - [INFO] - функция:save_ignore_list - содержание:Сохранение списка игнорирования: 2 条 -> C:\Users\18890\Desktop\box_5\test_catalog\Игнор-лист\ignore_list.txt
2025-11-21 13:43:00,593 - [INFO] - функция:get_all_files - содержание:Начало рекурсивного сканирования папки：C:/Users/18890/Desktop/box_5/test_catalog/unsorted
2025-11-21 13:43:00,594 - [INFO] - функция:get_all_files - содержание:Сканирование папки завершено：C:/Users/18890/Desktop/box_5/test_catalog/unsorted,собрано 10 действительных файлов
2025-11-21 13:43:00,594 - [INFO] - функция:get_all_files - содержание:Начало рекурсивного сканирования папки：C:/Users/18890/Desktop/box_5/test_catalog/sorted
2025-11-21 13:43:00,595 - [INFO] - функция:get_all_files - содержание:Сканирование папки завершено：C:/Users/18890/Desktop/box_5/test_catalog/sorted,собрано 5 действительных файлов
2025-11-21 13:43:00,595 - [INFO] - функция:get_ignore_list_path - содержание:Путь к списку исключений: C:\Users\18890\Desktop\box_5\test_catalog\Игнор-лист\ignore_list.txt
2025-11-21 13:43:00,595 - [INFO] - функция:load_ignore_list - содержание:Загрузка списка игнорирования: 2 条
2025-11-21 13:43:00,596 - [INFO] - функция:find_unsorted_files - содержание:Начало фильтрации неотсортированных файлов：общее количество исходных файлов=10,общее количество отсортированных файлов=5,список игнорируемых файлов=['1.pptx', '2.pptx']
2025-11-21 13:43:00,596 - [INFO] - функция:find_unsorted_files - содержание:Фильтрация неотсортированных файлов завершена,найдено 4 неотсортированных файлов
2025-11-21 13:43:03,237 - [INFO] - функция:get_ignore_list_path - содержание:Путь к списку исключений: C:\Users\18890\Desktop\box_5\test_catalog\Игнор-лист\ignore_list.txt
2025-11-21 13:43:03,238 - [INFO] - функция:load_ignore_list - содержание:Загрузка списка игнорирования: 2 条
2025-11-21 13:43:03,239 - [INFO] - функция:get_ignore_list_path - содержание:Путь к списку исключений: C:\Users\18890\Desktop\box_5\test_catalog\Игнор-лист\ignore_list.txt
2025-11-21 13:43:03,240 - [INFO] - функция:save_ignore_list - содержание:Сохранение списка игнорирования: 3 条 -> C:\Users\18890\Desktop\box_5\test_catalog\Игнор-лист\ignore_list.txt
2025-11-21 13:43:04,008 - [INFO] - функция:get_all_files - содержание:Начало рекурсивного сканирования папки：C:/Users/18890/Desktop/box_5/test_catalog/unsorted
2025-11-21 13:43:04,008 - [INFO] - функция:get_all_files - содержание:Сканирование папки завершено：C:/Users/18890/Desktop/box_5/test_catalog/unsorted,собрано 10 действительных файлов
2025-11-21 13:43:04,009 - [INFO] - функция:get_all_files - содержание:Начало рекурсивного сканирования папки：C:/Users/18890/Desktop/box_5/test_catalog/sorted
2025-11-21 13:43:04,009 - [INFO] - функция:get_all_files - содержание:Сканирование папки завершено：C:/Users/18890/Desktop/box_5/test_catalog/sorted,собрано 5 действительных файлов
2025-11-21 13:43:04,009 - [INFO] - функция:get_ignore_list_path - содержание:Путь к списку исключений: C:\Users\18890\Desktop\box_5\test_catalog\Игнор-лист\ignore_list.txt
2025-11-21 13:43:04,010 - [INFO] - функция:load_ignore_list - содержание:Загрузка списка игнорирования: 3 条
2025-11-21 13:43:04,010 - [INFO] - функция:find_unsorted_files - содержание:Начало фильтрации неотсортированных файлов：общее количество исходных файлов=10,общее количество отсортированных файлов=5,список игнорируемых файлов=['1.pptx', '2.pptx', '5.pptx']
2025-11-21 13:43:04,010 - [INFO] - функция:find_unsorted_files - содержание:Фильтрация неотсортированных файлов завершена,найдено 3 неотсортированных файлов
2025-11-21 13:43:05,869 - [INFO] - функция:get_ignore_list_path - содержание:Путь к списку исключений: C:\Users\18890\Desktop\box_5\test_catalog\Игнор-лист\ignore_list.txt
2025-11-21 13:43:05,870 - [INFO] - функция:load_ignore_list - содержание:Загрузка списка игнорирования: 3 条
2025-11-21 13:43:05,871 - [INFO] - функция:get_ignore_list_path - содержание:Путь к списку исключений: C:\Users\18890\Desktop\box_5\test_catalog\Игнор-лист\ignore_list.txt
2025-11-21 13:43:05,872 - [INFO] - функция:save_ignore_list - содержание:Сохранение списка игнорирования: 4 条 -> C:\Users\18890\Desktop\box_5\test_catalog\Игнор-лист\ignore_list.txt
2025-11-21 13:43:06,976 - [INFO] - функция:get_all_files - содержание:Начало рекурсивного сканирования папки：C:/Users/18890/Desktop/box_5/test_catalog/unsorted
2025-11-21 13:43:06,977 - [INFO] - функция:get_all_files - содержание:Сканирование папки завершено：C:/Users/18890/Desktop/box_5/test_catalog/unsorted,собрано 10 действительных файлов
2025-11-21 13:43:06,977 - [INFO] - функция:get_all_files - содержание:Начало рекурсивного сканирования папки：C:/Users/18890/Desktop/box_5/test_catalog/sorted
2025-11-21 13:43:06,977 - [INFO] - функция:get_all_files - содержание:Сканирование папки завершено：C:/Users/18890/Desktop/box_5/test_catalog/sorted,собрано 5 действительных файлов
2025-11-21 13:43:06,978 - [INFO] - функция:get_ignore_list_path - содержание:Путь к списку исключений: C:\Users\18890\Desktop\box_5\test_catalog\Игнор-лист\ignore_list.txt
2025-11-21 13:43:06,978 - [INFO] - функция:load_ignore_list - содержание:Загрузка списка игнорирования: 4 条
2025-11-21 13:43:06,978 - [INFO] - функция:find_unsorted_files - содержание:Начало фильтрации неотсортированных файлов：общее количество исходных файлов=10,общее количество отсортированных файлов=5,список игнорируемых файлов=['1.pptx', '2.pptx', '5.pptx', '4.pptx']
2025-11-21 13:43:06,978 - [INFO] - функция:find_unsorted_files - содержание:Фильтрация неотсортированных файлов завершена,найдено 2 неотсортированных файлов
2025-11-21 13:43:10,220 - [INFO] - функция:get_ignore_list_path - содержание:Путь к списку исключений: C:\Users\18890\Desktop\box_5\test_catalog\Игнор-лист\ignore_list.txt
2025-11-21 13:43:10,221 - [INFO] - функция:load_ignore_list - содержание:Загрузка списка игнорирования: 4 条
2025-11-21 13:43:10,222 - [INFO] - функция:get_ignore_list_path - содержание:Путь к списку исключений: C:\Users\18890\Desktop\box_5\test_catalog\Игнор-лист\ignore_list.txt
2025-11-21 13:43:10,223 - [INFO] - функция:save_ignore_list - содержание:Сохранение списка игнорирования: 5 条 -> C:\Users\18890\Desktop\box_5\test_catalog\Игнор-лист\ignore_list.txt
2025-11-21 13:43:10,988 - [INFO] - функция:get_all_files - содержание:Начало рекурсивного сканирования папки：C:/Users/18890/Desktop/box_5/test_catalog/unsorted
2025-11-21 13:43:10,989 - [INFO] - функция:get_all_files - содержание:Сканирование папки завершено：C:/Users/18890/Desktop/box_5/test_catalog/unsorted,собрано 10 действительных файлов
2025-11-21 13:43:10,989 - [INFO] - функция:get_all_files - содержание:Начало рекурсивного сканирования папки：C:/Users/18890/Desktop/box_5/test_catalog/sorted
2025-11-21 13:43:10,989 - [INFO] - функция:get_all_files - содержание:Сканирование папки завершено：C:/Users/18890/Desktop/box_5/test_catalog/sorted,собрано 5 действительных файлов
2025-11-21 13:43:10,989 - [INFO] - функция:get_ignore_list_path - содержание:Путь к списку исключений: C:\Users\18890\Desktop\box_5\test_catalog\Игнор-лист\ignore_list.txt
2025-11-21 13:43:10,990 - [INFO] - функция:load_ignore_list - содержание:Загрузка списка игнорирования: 5 条
2025-11-21 13:43:10,990 - [INFO] - функция:find_unsorted_files - содержание:Начало фильтрации неотсортированных файлов：общее количество исходных файлов=10,общее количество отсортированных файлов=5,список игнорируемых файлов=['1.pptx', '2.pptx', '5.pptx', '4.pptx', '1321.pptx']
2025-11-21 13:43:10,990 - [INFO] - функция:find_unsorted_files - содержание:Фильтрация неотсортированных файлов завершена,найдено 1 неотсортированных файлов
2025-11-21 13:43:12,505 - [INFO] - функция:get_ignore_list_path - содержание:Путь к списку исключений: C:\Users\18890\Desktop\box_5\test_catalog\Игнор-лист\ignore_list.txt
2025-11-21 13:43:12,506 - [INFO] - функция:load_ignore_list - содержание:Загрузка списка игнорирования: 5 条
2025-11-21 13:43:12,507 - [INFO] - функция:get_ignore_list_path - содержание:Путь к списку исключений: C:\Users\18890\Desktop\box_5\test_catalog\Игнор-лист\ignore_list.txt
2025-11-21 13:43:12,509 - [INFO] - функция:save_ignore_list - содержание:Сохранение списка игнорирования: 6 条 -> C:\Users\18890\Desktop\box_5\test_catalog\Игнор-лист\ignore_list.txt
2025-11-21 13:43:13,166 - [INFO] - функция:get_all_files - содержание:Начало рекурсивного сканирования папки：C:/Users/18890/Desktop/box_5/test_catalog/unsorted
2025-11-21 13:43:13,166 - [INFO] - функция:get_all_files - содержание:Сканирование папки завершено：C:/Users/18890/Desktop/box_5/test_catalog/unsorted,собрано 10 действительных файлов
2025-11-21 13:43:13,167 - [INFO] - функция:get_all_files - содержание:Начало рекурсивного сканирования папки：C:/Users/18890/Desktop/box_5/test_catalog/sorted
2025-11-21 13:43:13,167 - [INFO] - функция:get_all_files - содержание:Сканирование папки завершено：C:/Users/18890/Desktop/box_5/test_catalog/sorted,собрано 5 действительных файлов
2025-11-21 13:43:13,168 - [INFO] - функция:get_ignore_list_path - содержание:Путь к списку исключений: C:\Users\18890\Desktop\box_5\test_catalog\Игнор-лист\ignore_list.txt
2025-11-21 13:43:13,168 - [INFO] - функция:load_ignore_list - содержание:Загрузка списка игнорирования: 6 条
2025-11-21 13:43:13,168 - [INFO] - функция:find_unsorted_files - содержание:Начало фильтрации неотсортированных файлов：общее количество исходных файлов=10,общее количество отсортированных файлов=5,список игнорируемых файлов=['1.pptx', '2.pptx', '5.pptx', '4.pptx', '1321.pptx', '4534.pptx']
2025-11-21 13:43:13,168 - [INFO] - функция:find_unsorted_files - содержание:Фильтрация неотсортированных файлов завершена,найдено 0 неотсортированных файлов
2025-11-21 13:43:14,737 - [INFO] - функция:get_ignore_list_path - содержание:Путь к списку исключений: C:\Users\18890\Desktop\box_5\test_catalog\Игнор-лист\ignore_list.txt
2025-11-21 13:43:14,738 - [INFO] - функция:load_ignore_list - содержание:Загрузка списка игнорирования: 6 条
2025-11-21 13:43:21,747 - [INFO] - функция:get_ignore_list_path - содержание:Путь к списку исключений: C:\Users\18890\Desktop\box_5\test_catalog\Игнор-лист\ignore_list.txt
2025-11-21 13:43:21,749 - [INFO] - функция:save_ignore_list - содержание:Сохранение списка игнорирования: 5 条 -> C:\Users\18890\Desktop\box_5\test_catalog\Игнор-лист\ignore_list.txt
2025-11-21 13:43:27,178 - [INFO] - функция:get_all_files - содержание:Начало рекурсивного сканирования папки：C:/Users/18890/Desktop/box_5/test_catalog/unsorted
2025-11-21 13:43:27,179 - [INFO] - функция:get_all_files - содержание:Сканирование папки завершено：C:/Users/18890/Desktop/box_5/test_catalog/unsorted,собрано 10 действительных файлов
2025-11-21 13:43:27,180 - [INFO] - функция:get_all_files - содержание:Начало рекурсивного сканирования папки：C:/Users/18890/Desktop/box_5/test_catalog/sorted
2025-11-21 13:43:27,181 - [INFO] - функция:get_all_files - содержание:Сканирование папки завершено：C:/Users/18890/Desktop/box_5/test_catalog/sorted,собрано 5 действительных файлов
2025-11-21 13:43:27,182 - [INFO] - функция:get_ignore_list_path - содержание:Путь к списку исключений: C:\Users\18890\Desktop\box_5\test_catalog\Игнор-лист\ignore_list.txt
2025-11-21 13:43:27,183 - [INFO] - функция:load_ignore_list - содержание:Загрузка списка игнорирования: 5 条
2025-11-21 13:43:27,183 - [INFO] - функция:find_unsorted_files - содержание:Начало фильтрации неотсортированных файлов：общее количество исходных файлов=10,общее количество отсортированных файлов=5,список игнорируемых файлов=['1.pptx', '2.pptx', '5.pptx', '4.pptx', '1321.pptx']
2025-11-21 13:43:27,184 - [INFO] - функция:find_unsorted_files - содержание:Фильтрация неотсортированных файлов завершена,найдено 1 неотсортированных файлов
2025-11-21 13:43:28,505 - [INFO] - функция:get_ignore_list_path - содержание:Путь к списку исключений: C:\Users\18890\Desktop\box_5\test_catalog\Игнор-лист\ignore_list.txt
2025-11-21 13:43:28,507 - [INFO] - функция:load_ignore_list - содержание:Загрузка списка игнорирования: 5 条
2025-11-21 13:43:43,666 - [INFO] - функция:get_ignore_list_path - содержание:Путь к списку исключений: C:\Users\18890\Desktop\box_5\test_catalog\Игнор-лист\ignore_list.txt
2025-11-21 13:43:43,667 - [INFO] - функция:load_ignore_list - содержание:Загрузка списка игнорирования: 5 条
2025-11-21 13:43:43,668 - [INFO] - функция:get_ignore_list_path - содержание:Путь к списку исключений: C:\Users\18890\Desktop\box_5\test_catalog\Игнор-лист\ignore_list.txt
2025-11-21 13:43:43,669 - [INFO] - функция:save_ignore_list - содержание:Сохранение списка игнорирования: 6 条 -> C:\Users\18890\Desktop\box_5\test_catalog\Игнор-лист\ignore_list.txt
2025-11-21 13:43:44,785 - [INFO] - функция:get_all_files - содержание:Начало рекурсивного сканирования папки：C:/Users/18890/Desktop/box_5/test_catalog/unsorted
2025-11-21 13:43:44,785 - [INFO] - функция:get_all_files - содержание:Сканирование папки завершено：C:/Users/18890/Desktop/box_5/test_catalog/unsorted,собрано 10 действительных файлов
2025-11-21 13:43:44,786 - [INFO] - функция:get_all_files - содержание:Начало рекурсивного сканирования папки：C:/Users/18890/Desktop/box_5/test_catalog/sorted
2025-11-21 13:43:44,786 - [INFO] - функция:get_all_files - содержание:Сканирование папки завершено：C:/Users/18890/Desktop/box_5/test_catalog/sorted,собрано 5 действительных файлов
2025-11-21 13:43:44,786 - [INFO] - функция:get_ignore_list_path - содержание:Путь к списку исключений: C:\Users\18890\Desktop\box_5\test_catalog\Игнор-лист\ignore_list.txt
2025-11-21 13:43:44,787 - [INFO] - функция:load_ignore_list - содержание:Загрузка списка игнорирования: 6 条
2025-11-21 13:43:44,787 - [INFO] - функция:find_unsorted_files - содержание:Начало фильтрации неотсортированных файлов：общее количество исходных файлов=10,общее количество отсортированных файлов=5,список игнорируемых файлов=['1.pptx', '2.pptx', '5.pptx', '4.pptx', '1321.pptx', '4534.pptx']
2025-11-21 13:43:44,787 - [INFO] - функция:find_unsorted_files - содержание:Фильтрация неотсортированных файлов завершена,найдено 0 неотсортированных файлов
2025-11-21 13:46:48,151 - [INFO] - функция:load_config - содержание:Конфигурация успешно загружена: C:\Users\18890\.zhao_config.json
2025-11-21 13:46:49,349 - [INFO] - функция:save_config - содержание:Конфигурация успешно сохранена: C:\Users\18890\.zhao_config.json
2025-11-21 13:46:50,504 - [INFO] - функция:get_all_files - содержание:Начало рекурсивного сканирования папки：{'action': 'demo', 'ok': True}
2025-11-21 13:46:50,505 - [INFO] - функция:get_all_files - содержание:Сканирование папки завершено：{'action': 'demo', 'ok': True},собрано 0 действительных файлов
2025-11-21 13:46:50,505 - [INFO] - функция:get_all_files - содержание:Начало рекурсивного сканирования папки：C:/Users/18890/Desktop/box_5/test_catalog/sorted
2025-11-21 13:46:50,507 - [INFO] - функция:get_all_files - содержание:Сканирование папки завершено：C:/Users/18890/Desktop/box_5/test_catalog/sorted,собрано 5 действительных файлов
2025-11-21 13:46:50,508 - [INFO] - функция:get_ignore_list_path - содержание:Путь к списку исключений: Игнор-лист\ignore_list.txt
2025-11-21 13:46:50,509 - [INFO] - функция:find_unsorted_files - содержание:Начало фильтрации неотсортированных файлов：общее количество исходных файлов=0,общее количество отсортированных файлов=5,список игнорируемых файлов=[]
2025-11-21 13:46:50,510 - [INFO] - функция:find_unsorted_files - содержание:Фильтрация неотсортированных файлов завершена,найдено 0 неотсортированных файлов
2025-11-21 13:46:56,603 - [INFO] - функция:save_config - содержание:Конфигурация успешно сохранена: C:\Users\18890\.zhao_config.json
2025-11-21 13:46:57,655 - [INFO] - функция:get_all_files - содержание:Начало рекурсивного сканирования папки：C:/Users/18890/Desktop/box_5/test_catalog/unsorted
2025-11-21 13:46:57,656 - [INFO] - функция:get_all_files - содержание:Сканирование папки завершено：C:/Users/18890/Desktop/box_5/test_catalog/unsorted,собрано 10 действительных файлов
2025-11-21 13:46:57,656 - [INFO] - функция:get_all_files - содержание:Начало рекурсивного сканирования папки：C:/Users/18890/Desktop/box_5/test_catalog/sorted
2025-11-21 13:46:57,657 - [INFO] - функция:get_all_files - содержание:Сканирование папки завершено：C:/Users/18890/Desktop/box_5/test_catalog/sorted,собрано 5 действительных файлов
2025-11-21 13:46:57,657 - [INFO] - функция:get_ignore_list_path - содержание:Путь к списку исключений: C:\Users\18890\Desktop\box_5\test_catalog\Игнор-лист\ignore_list.txt
2025-11-21 13:46:57,657 - [INFO] - функция:load_ignore_list - содержание:Загрузка списка игнорирования: 6 запись
2025-11-21 13:46:57,658 - [INFO] - функция:find_unsorted_files - содержание:Начало фильтрации неотсортированных файлов：общее количество исходных файлов=10,общее количество отсортированных файлов=5,список игнорируемых файлов=['1.pptx', '2.pptx', '5.pptx', '4.pptx', '1321.pptx', '4534.pptx']
2025-11-21 13:46:57,658 - [INFO] - функция:find_unsorted_files - содержание:Фильтрация неотсортированных файлов завершена,найдено 0 неотсортированных файлов
2025-11-21 13:46:58,074 - [INFO] - функция:get_all_files - содержание:Начало рекурсивного сканирования папки：C:/Users/18890/Desktop/box_5/test_catalog/unsorted
2025-11-21 13:46:58,075 - [INFO] - функция:get_all_files - содержание:Сканирование папки завершено：C:/Users/18890/Desktop/box_5/test_catalog/unsorted,собрано 10 действительных файлов
2025-11-21 13:46:58,076 - [INFO] - функция:get_all_files - содержание:Начало рекурсивного сканирования папки：C:/Users/18890/Desktop/box_5/test_catalog/sorted
2025-11-21 13:46:58,077 - [INFO] - функция:get_all_files - содержание:Сканирование папки завершено：C:/Users/18890/Desktop/box_5/test_catalog/sorted,собрано 5 действительных файлов
2025-11-21 13:46:58,078 - [INFO] - функция:get_ignore_list_path - содержание:Путь к списку исключений: C:\Users\18890\Desktop\box_5\test_catalog\Игнор-лист\ignore_list.txt
2025-11-21 13:46:58,079 - [INFO] - функция:load_ignore_list - содержание:Загрузка списка игнорирования: 6 запись
2025-11-21 13:46:58,079 - [INFO] - функция:find_unsorted_files - содержание:Начало фильтрации неотсортированных файлов：общее количество исходных файлов=10,общее количество отсортированных файлов=5,список игнорируемых файлов=['1.pptx', '2.pptx', '5.pptx', '4.pptx', '1321.pptx', '4534.pptx']
2025-11-21 13:46:58,080 - [INFO] - функция:find_unsorted_files - содержание:Фильтрация неотсортированных файлов завершена,найдено 0 неотсортированных файлов
2025-11-21 13:46:58,427 - [INFO] - функция:get_all_files - содержание:Начало рекурсивного сканирования папки：C:/Users/18890/Desktop/box_5/test_catalog/unsorted
2025-11-21 13:46:58,428 - [INFO] - функция:get_all_files - содержание:Сканирование папки завершено：C:/Users/18890/Desktop/box_5/test_catalog/unsorted,собрано 10 действительных файлов
2025-11-21 13:46:58,429 - [INFO] - функция:get_all_files - содержание:Начало рекурсивного сканирования папки：C:/Users/18890/Desktop/box_5/test_catalog/sorted
2025-11-21 13:46:58,430 - [INFO] - функция:get_all_files - содержание:Сканирование папки завершено：C:/Users/18890/Desktop/box_5/test_catalog/sorted,собрано 5 действительных файлов
2025-11-21 13:46:58,430 - [INFO] - функция:get_ignore_list_path - содержание:Путь к списку исключений: C:\Users\18890\Desktop\box_5\test_catalog\Игнор-лист\ignore_list.txt
2025-11-21 13:46:58,431 - [INFO] - функция:load_ignore_list - содержание:Загрузка списка игнорирования: 6 запись
2025-11-21 13:46:58,431 - [INFO] - функция:find_unsorted_files - содержание:Начало фильтрации неотсортированных файлов：общее количество исходных файлов=10,общее количество отсортированных файлов=5,список игнорируемых файлов=['1.pptx', '2.pptx', '5.pptx', '4.pptx', '1321.pptx', '4534.pptx']
2025-11-21 13:46:58,431 - [INFO] - функция:find_unsorted_files - содержание:Фильтрация неотсортированных файлов завершена,найдено 0 неотсортированных файлов
2025-11-21 13:46:58,738 - [INFO] - функция:get_all_files - содержание:Начало рекурсивного сканирования папки：C:/Users/18890/Desktop/box_5/test_catalog/unsorted
2025-11-21 13:46:58,740 - [INFO] - функция:get_all_files - содержание:Сканирование папки завершено：C:/Users/18890/Desktop/box_5/test_catalog/unsorted,собрано 10 действительных файлов
2025-11-21 13:46:58,740 - [INFO] - функция:get_all_files - содержание:Начало рекурсивного сканирования папки：C:/Users/18890/Desktop/box_5/test_catalog/sorted
2025-11-21 13:46:58,741 - [INFO] - функция:get_all_files - содержание:Сканирование папки завершено：C:/Users/18890/Desktop/box_5/test_catalog/sorted,собрано 5 действительных файлов
2025-11-21 13:46:58,742 - [INFO] - функция:get_ignore_list_path - содержание:Путь к списку исключений: C:\Users\18890\Desktop\box_5\test_catalog\Игнор-лист\ignore_list.txt
2025-11-21 13:46:58,743 - [INFO] - функция:load_ignore_list - содержание:Загрузка списка игнорирования: 6 запись
2025-11-21 13:46:58,743 - [INFO] - функция:find_unsorted_files - содержание:Начало фильтрации неотсортированных файлов：общее количество исходных файлов=10,общее количество отсортированных файлов=5,список игнорируемых файлов=['1.pptx', '2.pptx', '5.pptx', '4.pptx', '1321.pptx', '4534.pptx']
2025-11-21 13:46:58,743 - [INFO] - функция:find_unsorted_files - содержание:Фильтрация неотсортированных файлов завершена,найдено 0 неотсортированных файлов
2025-11-21 13:46:58,956 - [INFO] - функция:get_all_files - содержание:Начало рекурсивного сканирования папки：C:/Users/18890/Desktop/box_5/test_catalog/unsorted
2025-11-21 13:46:58,958 - [INFO] - функция:get_all_files - содержание:Сканирование папки завершено：C:/Users/18890/Desktop/box_5/test_catalog/unsorted,собрано 10 действительных файлов
2025-11-21 13:46:58,958 - [INFO] - функция:get_all_files - содержание:Начало рекурсивного сканирования папки：C:/Users/18890/Desktop/box_5/test_catalog/sorted
2025-11-21 13:46:58,959 - [INFO] - функция:get_all_files - содержание:Сканирование папки завершено：C:/Users/18890/Desktop/box_5/test_catalog/sorted,собрано 5 действительных файлов
2025-11-21 13:46:58,960 - [INFO] - функция:get_ignore_list_path - содержание:Путь к списку исключений: C:\Users\18890\Desktop\box_5\test_catalog\Игнор-лист\ignore_list.txt
2025-11-21 13:46:58,961 - [INFO] - функция:load_ignore_list - содержание:Загрузка списка игнорирования: 6 запись
2025-11-21 13:46:58,962 - [INFO] - функция:find_unsorted_files - содержание:Начало фильтрации неотсортированных файлов：общее количество исходных файлов=10,общее количество отсортированных файлов=5,список игнорируемых файлов=['1.pptx', '2.pptx', '5.pptx', '4.pptx', '1321.pptx', '4534.pptx']
2025-11-21 13:46:58,962 - [INFO] - функция:find_unsorted_files - содержание:Фильтрация неотсортированных файлов завершена,найдено 0 неотсортированных файлов
2025-11-21 13:46:59,134 - [INFO] - функция:get_all_files - содержание:Начало рекурсивного сканирования папки：C:/Users/18890/Desktop/box_5/test_catalog/unsorted
2025-11-21 13:46:59,136 - [INFO] - функция:get_all_files - содержание:Сканирование папки завершено：C:/Users/18890/Desktop/box_5/test_catalog/unsorted,собрано 10 действительных файлов
2025-11-21 13:46:59,136 - [INFO] - функция:get_all_files - содержание:Начало рекурсивного сканирования папки：C:/Users/18890/Desktop/box_5/test_catalog/sorted
2025-11-21 13:46:59,138 - [INFO] - функция:get_all_files - содержание:Сканирование папки завершено：C:/Users/18890/Desktop/box_5/test_catalog/sorted,собрано 5 действительных файлов
2025-11-21 13:46:59,138 - [INFO] - функция:get_ignore_list_path - содержание:Путь к списку исключений: C:\Users\18890\Desktop\box_5\test_catalog\Игнор-лист\ignore_list.txt
2025-11-21 13:46:59,139 - [INFO] - функция:load_ignore_list - содержание:Загрузка списка игнорирования: 6 запись
2025-11-21 13:46:59,140 - [INFO] - функция:find_unsorted_files - содержание:Начало фильтрации неотсортированных файлов：общее количество исходных файлов=10,общее количество отсортированных файлов=5,список игнорируемых файлов=['1.pptx', '2.pptx', '5.pptx', '4.pptx', '1321.pptx', '4534.pptx']
2025-11-21 13:46:59,140 - [INFO] - функция:find_unsorted_files - содержание:Фильтрация неотсортированных файлов завершена,найдено 0 неотсортированных файлов
2025-11-21 13:46:59,314 - [INFO] - функция:get_all_files - содержание:Начало рекурсивного сканирования папки：C:/Users/18890/Desktop/box_5/test_catalog/unsorted
2025-11-21 13:46:59,316 - [INFO] - функция:get_all_files - содержание:Сканирование папки завершено：C:/Users/18890/Desktop/box_5/test_catalog/unsorted,собрано 10 действительных файлов
2025-11-21 13:46:59,316 - [INFO] - функция:get_all_files - содержание:Начало рекурсивного сканирования папки：C:/Users/18890/Desktop/box_5/test_catalog/sorted
2025-11-21 13:46:59,317 - [INFO] - функция:get_all_files - содержание:Сканирование папки завершено：C:/Users/18890/Desktop/box_5/test_catalog/sorted,собрано 5 действительных файлов
2025-11-21 13:46:59,318 - [INFO] - функция:get_ignore_list_path - содержание:Путь к списку исключений: C:\Users\18890\Desktop\box_5\test_catalog\Игнор-лист\ignore_list.txt
2025-11-21 13:46:59,318 - [INFO] - функция:load_ignore_list - содержание:Загрузка списка игнорирования: 6 запись
2025-11-21 13:46:59,319 - [INFO] - функция:find_unsorted_files - содержание:Начало фильтрации неотсортированных файлов：общее количество исходных файлов=10,общее количество отсортированных файлов=5,список игнорируемых файлов=['1.pptx', '2.pptx', '5.pptx', '4.pptx', '1321.pptx', '4534.pptx']
2025-11-21 13:46:59,319 - [INFO] - функция:find_unsorted_files - содержание:Фильтрация неотсортированных файлов завершена,найдено 0 неотсортированных файлов
2025-11-21 13:46:59,595 - [INFO] - функция:get_all_files - содержание:Начало рекурсивного сканирования папки：C:/Users/18890/Desktop/box_5/test_catalog/unsorted
2025-11-21 13:46:59,596 - [INFO] - функция:get_all_files - содержание:Сканирование папки завершено：C:/Users/18890/Desktop/box_5/test_catalog/unsorted,собрано 10 действительных файлов
2025-11-21 13:46:59,596 - [INFO] - функция:get_all_files - содержание:Начало рекурсивного сканирования папки：C:/Users/18890/Desktop/box_5/test_catalog/sorted
2025-11-21 13:46:59,596 - [INFO] - функция:get_all_files - содержание:Сканирование папки завершено：C:/Users/18890/Desktop/box_5/test_catalog/sorted,собрано 5 действительных файлов
2025-11-21 13:46:59,597 - [INFO] - функция:get_ignore_list_path - содержание:Путь к списку исключений: C:\Users\18890\Desktop\box_5\test_catalog\Игнор-лист\ignore_list.txt
2025-11-21 13:46:59,597 - [INFO] - функция:load_ignore_list - содержание:Загрузка списка игнорирования: 6 запись
2025-11-21 13:46:59,598 - [INFO] - функция:find_unsorted_files - содержание:Начало фильтрации неотсортированных файлов：общее количество исходных файлов=10,общее количество отсортированных файлов=5,список игнорируемых файлов=['1.pptx', '2.pptx', '5.pptx', '4.pptx', '1321.pptx', '4534.pptx']
2025-11-21 13:46:59,598 - [INFO] - функция:find_unsorted_files - содержание:Фильтрация неотсортированных файлов завершена,найдено 0 неотсортированных файлов
2025-11-21 13:47:00,385 - [INFO] - функция:get_all_files - содержание:Начало рекурсивного сканирования папки：C:/Users/18890/Desktop/box_5/test_catalog/unsorted
2025-11-21 13:47:00,387 - [INFO] - функция:get_all_files - содержание:Сканирование папки завершено：C:/Users/18890/Desktop/box_5/test_catalog/unsorted,собрано 10 действительных файлов
2025-11-21 13:47:00,387 - [INFO] - функция:get_all_files - содержание:Начало рекурсивного сканирования папки：C:/Users/18890/Desktop/box_5/test_catalog/sorted
2025-11-21 13:47:00,388 - [INFO] - функция:get_all_files - содержание:Сканирование папки завершено：C:/Users/18890/Desktop/box_5/test_catalog/sorted,собрано 5 действительных файлов
2025-11-21 13:47:00,389 - [INFO] - функция:get_ignore_list_path - содержание:Путь к списку исключений: C:\Users\18890\Desktop\box_5\test_catalog\Игнор-лист\ignore_list.txt
2025-11-21 13:47:00,390 - [INFO] - функция:load_ignore_list - содержание:Загрузка списка игнорирования: 6 запись
2025-11-21 13:47:00,391 - [INFO] - функция:find_unsorted_files - содержание:Начало фильтрации неотсортированных файлов：общее количество исходных файлов=10,общее количество отсортированных файлов=5,список игнорируемых файлов=['1.pptx', '2.pptx', '5.pptx', '4.pptx', '1321.pptx', '4534.pptx']
2025-11-21 13:47:00,391 - [INFO] - функция:find_unsorted_files - содержание:Фильтрация неотсортированных файлов завершена,найдено 0 неотсортированных файлов
2025-11-21 13:47:02,654 - [INFO] - функция:get_ignore_list_path - содержание:Путь к списку исключений: C:\Users\18890\Desktop\box_5\test_catalog\Игнор-лист\ignore_list.txt
2025-11-21 13:47:02,655 - [INFO] - функция:load_ignore_list - содержание:Загрузка списка игнорирования: 6 запись
2025-11-21 13:47:05,064 - [INFO] - функция:get_ignore_list_path - содержание:Путь к списку исключений: C:\Users\18890\Desktop\box_5\test_catalog\Игнор-лист\ignore_list.txt
2025-11-21 13:47:05,066 - [INFO] - функция:save_ignore_list - содержание:Сохранение списка игнорирования: 5 запись -> C:\Users\18890\Desktop\box_5\test_catalog\Игнор-лист\ignore_list.txt
2025-11-21 13:47:06,864 - [INFO] - функция:get_ignore_list_path - содержание:Путь к списку исключений: C:\Users\18890\Desktop\box_5\test_catalog\Игнор-лист\ignore_list.txt
2025-11-21 13:47:06,865 - [INFO] - функция:load_ignore_list - содержание:Загрузка списка игнорирования: 5 запись
2025-11-21 13:47:12,255 - [INFO] - функция:get_ignore_list_path - содержание:Путь к списку исключений: C:\Users\18890\Desktop\box_5\test_catalog\Игнор-лист\ignore_list.txt
2025-11-21 13:47:12,257 - [INFO] - функция:save_ignore_list - содержание:Сохранение списка игнорирования: 4 запись -> C:\Users\18890\Desktop\box_5\test_catalog\Игнор-лист\ignore_list.txt
2025-11-21 13:47:16,434 - [INFO] - функция:save_config - содержание:Конфигурация успешно сохранена: C:\Users\18890\.zhao_config.json
2025-11-21 13:47:18,964 - [INFO] - функция:get_all_files - содержание:Начало рекурсивного сканирования папки：C:/Users/18890/Desktop/box_5/test_catalog/unsorted
2025-11-21 13:47:18,965 - [INFO] - функция:get_all_files - содержание:Сканирование папки завершено：C:/Users/18890/Desktop/box_5/test_catalog/unsorted,собрано 10 действительных файлов
2025-11-21 13:47:18,966 - [INFO] - функция:get_all_files - содержание:Начало рекурсивного сканирования папки：C:/Users/18890/Desktop/box_5/test_catalog/sorted
2025-11-21 13:47:18,967 - [INFO] - функция:get_all_files - содержание:Сканирование папки завершено：C:/Users/18890/Desktop/box_5/test_catalog/sorted,собрано 5 действительных файлов
2025-11-21 13:47:18,968 - [INFO] - функция:get_ignore_list_path - содержание:Путь к списку исключений: C:\Users\18890\Desktop\box_5\test_catalog\Игнор-лист\ignore_list.txt
2025-11-21 13:47:18,968 - [INFO] - функция:load_ignore_list - содержание:Загрузка списка игнорирования: 4 запись
2025-11-21 13:47:18,968 - [INFO] - функция:find_unsorted_files - содержание:Начало фильтрации неотсортированных файлов：общее количество исходных файлов=10,общее количество отсортированных файлов=5,список игнорируемых файлов=['1.pptx', '2.pptx', '5.pptx', '4.pptx']
2025-11-21 13:47:18,969 - [INFO] - функция:find_unsorted_files - содержание:Фильтрация неотсортированных файлов завершена,найдено 2 неотсортированных файлов
2025-11-21 13:47:19,236 - [INFO] - функция:get_all_files - содержание:Начало рекурсивного сканирования папки：C:/Users/18890/Desktop/box_5/test_catalog/unsorted
2025-11-21 13:47:19,237 - [INFO] - функция:get_all_files - содержание:Сканирование папки завершено：C:/Users/18890/Desktop/box_5/test_catalog/unsorted,собрано 10 действительных файлов
2025-11-21 13:47:19,237 - [INFO] - функция:get_all_files - содержание:Начало рекурсивного сканирования папки：C:/Users/18890/Desktop/box_5/test_catalog/sorted
2025-11-21 13:47:19,238 - [INFO] - функция:get_all_files - содержание:Сканирование папки завершено：C:/Users/18890/Desktop/box_5/test_catalog/sorted,собрано 5 действительных файлов
2025-11-21 13:47:19,239 - [INFO] - функция:get_ignore_list_path - содержание:Путь к списку исключений: C:\Users\18890\Desktop\box_5\test_catalog\Игнор-лист\ignore_list.txt
2025-11-21 13:47:19,240 - [INFO] - функция:load_ignore_list - содержание:Загрузка списка игнорирования: 4 запись
2025-11-21 13:47:19,240 - [INFO] - функция:find_unsorted_files - содержание:Начало фильтрации неотсортированных файлов：общее количество исходных файлов=10,общее количество отсортированных файлов=5,список игнорируемых файлов=['1.pptx', '2.pptx', '5.pptx', '4.pptx']
2025-11-21 13:47:19,241 - [INFO] - функция:find_unsorted_files - содержание:Фильтрация неотсортированных файлов завершена,найдено 2 неотсортированных файлов
2025-11-21 13:47:20,136 - [INFO] - функция:create_result_folder - содержание:Начало создания папки с результатами，базовый путь：C:/Users/18890/Desktop/box_5/test_catalog/unsorted
2025-11-21 13:47:20,137 - [INFO] - функция:create_result_folder - содержание:Папка с результатами успешно создана，путь：C:\Users\18890\Desktop\box_5\test_catalog\неотсортированное-2025-11-21_13-47-20
2025-11-21 13:47:20,138 - [INFO] - функция:copy_unsorted_files - содержание:Начало копирования неотсортированных файлов，количество файлов для копирования：2，исходная папка：C:/Users/18890/Desktop/box_5/test_catalog/unsorted，целевая папка：C:\Users\18890\Desktop\box_5\test_catalog\неотсортированное-2025-11-21_13-47-20
2025-11-21 13:47:20,150 - [INFO] - функция:copy_unsorted_files - содержание:Копирование неотсортированных файлов завершено，скопировано файлов：2，количество ошибок：0
2025-11-21 13:47:24,713 - [INFO] - функция:save_config - содержание:Конфигурация успешно сохранена: C:\Users\18890\.zhao_config.json
2025-11-21 13:47:25,644 - [INFO] - функция:get_ignore_list_path - содержание:Путь к списку исключений: C:\Users\18890\Desktop\box_5\test_catalog\Игнор-лист\ignore_list.txt
2025-11-21 13:47:25,645 - [INFO] - функция:load_ignore_list - содержание:Загрузка списка игнорирования: 4 запись
2025-11-21 13:47:30,876 - [INFO] - функция:get_ignore_list_path - содержание:Путь к списку исключений: C:\Users\18890\Desktop\box_5\test_catalog\Игнор-лист\ignore_list.txt
2025-11-21 13:47:30,877 - [INFO] - функция:save_ignore_list - содержание:Сохранение списка игнорирования: 3 запись -> C:\Users\18890\Desktop\box_5\test_catalog\Игнор-лист\ignore_list.txt
2025-11-21 13:47:32,346 - [INFO] - функция:get_ignore_list_path - содержание:Путь к списку исключений: C:\Users\18890\Desktop\box_5\test_catalog\Игнор-лист\ignore_list.txt
2025-11-21 13:47:32,347 - [INFO] - функция:load_ignore_list - содержание:Загрузка списка игнорирования: 3 запись
2025-11-21 13:47:33,785 - [INFO] - функция:get_ignore_list_path - содержание:Путь к списку исключений: C:\Users\18890\Desktop\box_5\test_catalog\Игнор-лист\ignore_list.txt
2025-11-21 13:47:33,787 - [INFO] - функция:save_ignore_list - содержание:Сохранение списка игнорирования: 2 запись -> C:\Users\18890\Desktop\box_5\test_catalog\Игнор-лист\ignore_list.txt
2025-11-21 13:47:35,026 - [INFO] - функция:get_ignore_list_path - содержание:Путь к списку исключений: C:\Users\18890\Desktop\box_5\test_catalog\Игнор-лист\ignore_list.txt
2025-11-21 13:47:35,027 - [INFO] - функция:load_ignore_list - содержание:Загрузка списка игнорирования: 2 запись
2025-11-21 13:47:37,282 - [INFO] - функция:get_ignore_list_path - содержание:Путь к списку исключений: C:\Users\18890\Desktop\box_5\test_catalog\Игнор-лист\ignore_list.txt
2025-11-21 13:47:37,286 - [INFO] - функция:save_ignore_list - содержание:Сохранение списка игнорирования: 0 запись -> C:\Users\18890\Desktop\box_5\test_catalog\Игнор-лист\ignore_list.txt
2025-11-21 13:47:38,646 - [INFO] - функция:get_all_files - содержание:Начало рекурсивного сканирования папки：C:\Users\18890\Desktop\box_5\test_catalog\неотсортированное-2025-11-21_13-47-20
2025-11-21 13:47:38,648 - [INFO] - функция:get_all_files - содержание:Сканирование папки завершено：C:\Users\18890\Desktop\box_5\test_catalog\неотсортированное-2025-11-21_13-47-20,собрано 2 действительных файлов
2025-11-21 13:47:38,648 - [INFO] - функция:get_all_files - содержание:Начало рекурсивного сканирования папки：C:/Users/18890/Desktop/box_5/test_catalog/sorted
2025-11-21 13:47:38,649 - [INFO] - функция:get_all_files - содержание:Сканирование папки завершено：C:/Users/18890/Desktop/box_5/test_catalog/sorted,собрано 5 действительных файлов
2025-11-21 13:47:38,650 - [INFO] - функция:get_ignore_list_path - содержание:Путь к списку исключений: C:\Users\18890\Desktop\box_5\test_catalog\Игнор-лист\ignore_list.txt
2025-11-21 13:47:38,651 - [INFO] - функция:load_ignore_list - содержание:Загрузка списка игнорирования: 0 запись
2025-11-21 13:47:38,651 - [INFO] - функция:find_unsorted_files - содержание:Начало фильтрации неотсортированных файлов：общее количество исходных файлов=2,общее количество отсортированных файлов=5,список игнорируемых файлов=[]
2025-11-21 13:47:38,651 - [INFO] - функция:find_unsorted_files - содержание:Фильтрация неотсортированных файлов завершена,найдено 2 неотсортированных файлов
2025-11-21 13:47:39,144 - [INFO] - функция:get_all_files - содержание:Начало рекурсивного сканирования папки：C:\Users\18890\Desktop\box_5\test_catalog\неотсортированное-2025-11-21_13-47-20
2025-11-21 13:47:39,145 - [INFO] - функция:get_all_files - содержание:Сканирование папки завершено：C:\Users\18890\Desktop\box_5\test_catalog\неотсортированное-2025-11-21_13-47-20,собрано 2 действительных файлов
2025-11-21 13:47:39,145 - [INFO] - функция:get_all_files - содержание:Начало рекурсивного сканирования папки：C:/Users/18890/Desktop/box_5/test_catalog/sorted
2025-11-21 13:47:39,146 - [INFO] - функция:get_all_files - содержание:Сканирование папки завершено：C:/Users/18890/Desktop/box_5/test_catalog/sorted,собрано 5 действительных файлов
2025-11-21 13:47:39,147 - [INFO] - функция:get_ignore_list_path - содержание:Путь к списку исключений: C:\Users\18890\Desktop\box_5\test_catalog\Игнор-лист\ignore_list.txt
2025-11-21 13:47:39,148 - [INFO] - функция:load_ignore_list - содержание:Загрузка списка игнорирования: 0 запись
2025-11-21 13:47:39,148 - [INFO] - функция:find_unsorted_files - содержание:Начало фильтрации неотсортированных файлов：общее количество исходных файлов=2,общее количество отсортированных файлов=5,список игнорируемых файлов=[]
2025-11-21 13:47:39,149 - [INFO] - функция:find_unsorted_files - содержание:Фильтрация неотсортированных файлов завершена,найдено 2 неотсортированных файлов
2025-11-21 13:47:39,346 - [INFO] - функция:get_all_files - содержание:Начало рекурсивного сканирования папки：C:\Users\18890\Desktop\box_5\test_catalog\неотсортированное-2025-11-21_13-47-20
2025-11-21 13:47:39,347 - [INFO] - функция:get_all_files - содержание:Сканирование папки завершено：C:\Users\18890\Desktop\box_5\test_catalog\неотсортированное-2025-11-21_13-47-20,собрано 2 действительных файлов
2025-11-21 13:47:39,347 - [INFO] - функция:get_all_files - содержание:Начало рекурсивного сканирования папки：C:/Users/18890/Desktop/box_5/test_catalog/sorted
2025-11-21 13:47:39,348 - [INFO] - функция:get_all_files - содержание:Сканирование папки завершено：C:/Users/18890/Desktop/box_5/test_catalog/sorted,собрано 5 действительных файлов
2025-11-21 13:47:39,349 - [INFO] - функция:get_ignore_list_path - содержание:Путь к списку исключений: C:\Users\18890\Desktop\box_5\test_catalog\Игнор-лист\ignore_list.txt
2025-11-21 13:47:39,350 - [INFO] - функция:load_ignore_list - содержание:Загрузка списка игнорирования: 0 запись
2025-11-21 13:47:39,351 - [INFO] - функция:find_unsorted_files - содержание:Начало фильтрации неотсортированных файлов：общее количество исходных файлов=2,общее количество отсортированных файлов=5,список игнорируемых файлов=[]
2025-11-21 13:47:39,351 - [INFO] - функция:find_unsorted_files - содержание:Фильтрация неотсортированных файлов завершена,найдено 2 неотсортированных файлов
2025-11-21 13:47:39,714 - [INFO] - функция:create_result_folder - содержание:Начало создания папки с результатами，базовый путь：C:\Users\18890\Desktop\box_5\test_catalog\неотсортированное-2025-11-21_13-47-20
2025-11-21 13:47:39,716 - [INFO] - функция:create_result_folder - содержание:Папка с результатами успешно создана，путь：C:\Users\18890\Desktop\box_5\test_catalog\неотсортированное-2025-11-21_13-47-39
2025-11-21 13:47:39,716 - [INFO] - функция:copy_unsorted_files - содержание:Начало копирования неотсортированных файлов，количество файлов для копирования：2，исходная папка：C:\Users\18890\Desktop\box_5\test_catalog\неотсортированное-2025-11-21_13-47-20，целевая папка：C:\Users\18890\Desktop\box_5\test_catalog\неотсортированное-2025-11-21_13-47-39
2025-11-21 13:47:39,731 - [INFO] - функция:copy_unsorted_files - содержание:Копирование неотсортированных файлов завершено，скопировано файлов：2，количество ошибок：0
2025-11-21 13:47:41,688 - [INFO] - функция:save_config - содержание:Конфигурация успешно сохранена: C:\Users\18890\.zhao_config.json
2025-11-21 13:47:43,292 - [INFO] - функция:save_config - содержание:Конфигурация успешно сохранена: C:\Users\18890\.zhao_config.json
2025-11-21 13:47:51,783 - [INFO] - функция:get_ignore_list_path - содержание:Путь к списку исключений: C:\Users\18890\Desktop\box_5\test_catalog\Игнор-лист\ignore_list.txt
2025-11-21 13:47:51,785 - [INFO] - функция:load_ignore_list - содержание:Загрузка списка игнорирования: 0 запись
2025-11-21 13:47:53,643 - [INFO] - функция:create_result_folder - содержание:Начало создания папки с результатами，базовый путь：C:\Users\18890\Desktop\box_5\test_catalog\неотсортированное-2025-11-21_13-47-39
2025-11-21 13:47:53,645 - [INFO] - функция:create_result_folder - содержание:Папка с результатами успешно создана，путь：C:\Users\18890\Desktop\box_5\test_catalog\неотсортированное-2025-11-21_13-47-53
2025-11-21 13:47:53,645 - [INFO] - функция:copy_unsorted_files - содержание:Начало копирования неотсортированных файлов，количество файлов для копирования：2，исходная папка：C:\Users\18890\Desktop\box_5\test_catalog\неотсортированное-2025-11-21_13-47-39，целевая папка：C:\Users\18890\Desktop\box_5\test_catalog\неотсортированное-2025-11-21_13-47-53
2025-11-21 13:47:53,659 - [INFO] - функция:copy_unsorted_files - содержание:Копирование неотсортированных файлов завершено，скопировано файлов：2，количество ошибок：0
2025-11-21 13:47:55,752 - [INFO] - функция:save_config - содержание:Конфигурация успешно сохранена: C:\Users\18890\.zhao_config.json
2025-11-21 13:47:56,553 - [INFO] - функция:get_all_files - содержание:Начало рекурсивного сканирования папки：C:\Users\18890\Desktop\box_5\test_catalog\неотсортированное-2025-11-21_13-47-53
2025-11-21 13:47:56,554 - [INFO] - функция:get_all_files - содержание:Сканирование папки завершено：C:\Users\18890\Desktop\box_5\test_catalog\неотсортированное-2025-11-21_13-47-53,собрано 2 действительных файлов
2025-11-21 13:47:56,555 - [INFO] - функция:get_all_files - содержание:Начало рекурсивного сканирования папки：C:/Users/18890/Desktop/box_5/test_catalog/sorted
2025-11-21 13:47:56,556 - [INFO] - функция:get_all_files - содержание:Сканирование папки завершено：C:/Users/18890/Desktop/box_5/test_catalog/sorted,собрано 5 действительных файлов
2025-11-21 13:47:56,557 - [INFO] - функция:get_ignore_list_path - содержание:Путь к списку исключений: C:\Users\18890\Desktop\box_5\test_catalog\Игнор-лист\ignore_list.txt
2025-11-21 13:47:56,557 - [INFO] - функция:load_ignore_list - содержание:Загрузка списка игнорирования: 0 запись
2025-11-21 13:47:56,558 - [INFO] - функция:find_unsorted_files - содержание:Начало фильтрации неотсортированных файлов：общее количество исходных файлов=2,общее количество отсортированных файлов=5,список игнорируемых файлов=[]
2025-11-21 13:47:56,558 - [INFO] - функция:find_unsorted_files - содержание:Фильтрация неотсортированных файлов завершена,найдено 2 неотсортированных файлов
2025-11-21 13:47:57,325 - [INFO] - функция:get_all_files - содержание:Начало рекурсивного сканирования папки：C:\Users\18890\Desktop\box_5\test_catalog\неотсортированное-2025-11-21_13-47-53
2025-11-21 13:47:57,326 - [INFO] - функция:get_all_files - содержание:Сканирование папки завершено：C:\Users\18890\Desktop\box_5\test_catalog\неотсортированное-2025-11-21_13-47-53,собрано 2 действительных файлов
2025-11-21 13:47:57,326 - [INFO] - функция:get_all_files - содержание:Начало рекурсивного сканирования папки：C:/Users/18890/Desktop/box_5/test_catalog/sorted
2025-11-21 13:47:57,327 - [INFO] - функция:get_all_files - содержание:Сканирование папки завершено：C:/Users/18890/Desktop/box_5/test_catalog/sorted,собрано 5 действительных файлов
2025-11-21 13:47:57,328 - [INFO] - функция:get_ignore_list_path - содержание:Путь к списку исключений: C:\Users\18890\Desktop\box_5\test_catalog\Игнор-лист\ignore_list.txt
2025-11-21 13:47:57,329 - [INFO] - функция:load_ignore_list - содержание:Загрузка списка игнорирования: 0 запись
2025-11-21 13:47:57,329 - [INFO] - функция:find_unsorted_files - содержание:Начало фильтрации неотсортированных файлов：общее количество исходных файлов=2,общее количество отсортированных файлов=5,список игнорируемых файлов=[]
2025-11-21 13:47:57,329 - [INFO] - функция:find_unsorted_files - содержание:Фильтрация неотсортированных файлов завершена,найдено 2 неотсортированных файлов
2025-11-21 13:47:57,504 - [INFO] - функция:get_all_files - содержание:Начало рекурсивного сканирования папки：C:\Users\18890\Desktop\box_5\test_catalog\неотсортированное-2025-11-21_13-47-53
2025-11-21 13:47:57,505 - [INFO] - функция:get_all_files - содержание:Сканирование папки завершено：C:\Users\18890\Desktop\box_5\test_catalog\неотсортированное-2025-11-21_13-47-53,собрано 2 действительных файлов
2025-11-21 13:47:57,506 - [INFO] - функция:get_all_files - содержание:Начало рекурсивного сканирования папки：C:/Users/18890/Desktop/box_5/test_catalog/sorted
2025-11-21 13:47:57,507 - [INFO] - функция:get_all_files - содержание:Сканирование папки завершено：C:/Users/18890/Desktop/box_5/test_catalog/sorted,собрано 5 действительных файлов
2025-11-21 13:47:57,508 - [INFO] - функция:get_ignore_list_path - содержание:Путь к списку исключений: C:\Users\18890\Desktop\box_5\test_catalog\Игнор-лист\ignore_list.txt
2025-11-21 13:47:57,509 - [INFO] - функция:load_ignore_list - содержание:Загрузка списка игнорирования: 0 запись
2025-11-21 13:47:57,509 - [INFO] - функция:find_unsorted_files - содержание:Начало фильтрации неотсортированных файлов：общее количество исходных файлов=2,общее количество отсортированных файлов=5,список игнорируемых файлов=[]
2025-11-21 13:47:57,510 - [INFO] - функция:find_unsorted_files - содержание:Фильтрация неотсортированных файлов завершена,найдено 2 неотсортированных файлов
2025-11-21 13:47:57,705 - [INFO] - функция:get_all_files - содержание:Начало рекурсивного сканирования папки：C:\Users\18890\Desktop\box_5\test_catalog\неотсортированное-2025-11-21_13-47-53
2025-11-21 13:47:57,706 - [INFO] - функция:get_all_files - содержание:Сканирование папки завершено：C:\Users\18890\Desktop\box_5\test_catalog\неотсортированное-2025-11-21_13-47-53,собрано 2 действительных файлов
2025-11-21 13:47:57,706 - [INFO] - функция:get_all_files - содержание:Начало рекурсивного сканирования папки：C:/Users/18890/Desktop/box_5/test_catalog/sorted
2025-11-21 13:47:57,707 - [INFO] - функция:get_all_files - содержание:Сканирование папки завершено：C:/Users/18890/Desktop/box_5/test_catalog/sorted,собрано 5 действительных файлов
2025-11-21 13:47:57,708 - [INFO] - функция:get_ignore_list_path - содержание:Путь к списку исключений: C:\Users\18890\Desktop\box_5\test_catalog\Игнор-лист\ignore_list.txt
2025-11-21 13:47:57,708 - [INFO] - функция:load_ignore_list - содержание:Загрузка списка игнорирования: 0 запись
2025-11-21 13:47:57,709 - [INFO] - функция:find_unsorted_files - содержание:Начало фильтрации неотсортированных файлов：общее количество исходных файлов=2,общее количество отсортированных файлов=5,список игнорируемых файлов=[]
2025-11-21 13:47:57,709 - [INFO] - функция:find_unsorted_files - содержание:Фильтрация неотсортированных файлов завершена,найдено 2 неотсортированных файлов
2025-11-21 13:48:08,635 - [INFO] - функция:save_config - содержание:Конфигурация успешно сохранена: C:\Users\18890\.zhao_config.json
2025-11-21 13:48:09,189 - [INFO] - функция:get_all_files - содержание:Начало рекурсивного сканирования папки：C:/Users/18890/Desktop/box_5/test_catalog/unsorted
2025-11-21 13:48:09,190 - [INFO] - функция:get_all_files - содержание:Сканирование папки завершено：C:/Users/18890/Desktop/box_5/test_catalog/unsorted,собрано 10 действительных файлов
2025-11-21 13:48:09,191 - [INFO] - функция:get_all_files - содержание:Начало рекурсивного сканирования папки：C:/Users/18890/Desktop/box_5/test_catalog/sorted
2025-11-21 13:48:09,192 - [INFO] - функция:get_all_files - содержание:Сканирование папки завершено：C:/Users/18890/Desktop/box_5/test_catalog/sorted,собрано 5 действительных файлов
2025-11-21 13:48:09,192 - [INFO] - функция:get_ignore_list_path - содержание:Путь к списку исключений: C:\Users\18890\Desktop\box_5\test_catalog\Игнор-лист\ignore_list.txt
2025-11-21 13:48:09,193 - [INFO] - функция:load_ignore_list - содержание:Загрузка списка игнорирования: 0 запись
2025-11-21 13:48:09,194 - [INFO] - функция:find_unsorted_files - содержание:Начало фильтрации неотсортированных файлов：общее количество исходных файлов=10,общее количество отсортированных файлов=5,список игнорируемых файлов=[]
2025-11-21 13:48:09,194 - [INFO] - функция:find_unsorted_files - содержание:Фильтрация неотсортированных файлов завершена,найдено 6 неотсортированных файлов
2025-11-21 13:48:43,108 - [INFO] - функция:load_config - содержание:Конфигурация успешно загружена: C:\Users\18890\.zhao_config.json
2025-11-21 13:48:45,625 - [INFO] - функция:get_all_files - содержание:Начало рекурсивного сканирования папки：C:/Users/18890/Desktop/box_5/test_catalog/unsorted
2025-11-21 13:48:45,627 - [INFO] - функция:get_all_files - содержание:Сканирование папки завершено：C:/Users/18890/Desktop/box_5/test_catalog/unsorted,собрано 10 действительных файлов
2025-11-21 13:48:45,627 - [INFO] - функция:get_all_files - содержание:Начало рекурсивного сканирования папки：C:/Users/18890/Desktop/box_5/test_catalog/sorted
2025-11-21 13:48:45,629 - [INFO] - функция:get_all_files - содержание:Сканирование папки завершено：C:/Users/18890/Desktop/box_5/test_catalog/sorted,собрано 5 действительных файлов
2025-11-21 13:48:45,629 - [INFO] - функция:get_ignore_list_path - содержание:Путь к списку исключений: C:\Users\18890\Desktop\box_5\test_catalog\Игнор-лист\ignore_list.txt
2025-11-21 13:48:45,630 - [INFO] - функция:load_ignore_list - содержание:Загрузка списка игнорирования: 0 запись
2025-11-21 13:48:45,631 - [INFO] - функция:find_unsorted_files - содержание:Начало фильтрации неотсортированных файлов：общее количество исходных файлов=10,общее количество отсортированных файлов=5,список игнорируемых файлов=[]
2025-11-21 13:48:45,631 - [INFO] - функция:find_unsorted_files - содержание:Фильтрация неотсортированных файлов завершена,найдено 6 неотсортированных файлов
2025-11-21 13:48:57,180 - [INFO] - функция:load_config - содержание:Конфигурация успешно загружена: C:\Users\18890\.zhao_config.json
2025-11-21 13:49:18,405 - [INFO] - функция:load_config - содержание:Конфигурация успешно загружена: C:\Users\18890\.zhao_config.json
2025-11-21 13:49:20,816 - [INFO] - функция:get_all_files - содержание:Начало рекурсивного сканирования папки：C:/Users/18890/Desktop/box_5/test_catalog/unsorted
2025-11-21 13:49:20,817 - [INFO] - функция:get_all_files - содержание:Сканирование папки завершено：C:/Users/18890/Desktop/box_5/test_catalog/unsorted,собрано 10 действительных файлов
2025-11-21 13:49:20,818 - [INFO] - функция:get_all_files - содержание:Начало рекурсивного сканирования папки：C:/Users/18890/Desktop/box_5/test_catalog/sorted
2025-11-21 13:49:20,819 - [INFO] - функция:get_all_files - содержание:Сканирование папки завершено：C:/Users/18890/Desktop/box_5/test_catalog/sorted,собрано 5 действительных файлов
2025-11-21 13:49:20,819 - [INFO] - функция:get_ignore_list_path - содержание:Путь к списку исключений: C:\Users\18890\Desktop\box_5\test_catalog\Игнор-лист\ignore_list.txt
2025-11-21 13:49:20,820 - [INFO] - функция:load_ignore_list - содержание:Загрузка списка игнорирования: 0 запись
2025-11-21 13:49:20,821 - [INFO] - функция:find_unsorted_files - содержание:Начало фильтрации неотсортированных файлов：общее количество исходных файлов=10,общее количество отсортированных файлов=5,список игнорируемых файлов=[]
2025-11-21 13:49:20,821 - [INFO] - функция:find_unsorted_files - содержание:Фильтрация неотсортированных файлов завершена,найдено 6 неотсортированных файлов
2025-11-21 13:50:07,195 - [INFO] - функция:get_ignore_list_path - содержание:Путь к списку исключений: C:\Users\18890\Desktop\box_5\test_catalog\Игнор-лист\ignore_list.txt
2025-11-21 13:50:07,196 - [INFO] - функция:load_ignore_list - содержание:Загрузка списка игнорирования: 0 запись
2025-11-21 13:50:07,196 - [INFO] - функция:get_ignore_list_path - содержание:Путь к списку исключений: C:\Users\18890\Desktop\box_5\test_catalog\Игнор-лист\ignore_list.txt
2025-11-21 13:50:07,198 - [INFO] - функция:save_ignore_list - содержание:Сохранение списка игнорирования: 1 запись -> C:\Users\18890\Desktop\box_5\test_catalog\Игнор-лист\ignore_list.txt
2025-11-21 13:50:09,818 - [INFO] - функция:get_all_files - содержание:Начало рекурсивного сканирования папки：C:/Users/18890/Desktop/box_5/test_catalog/unsorted
2025-11-21 13:50:09,819 - [INFO] - функция:get_all_files - содержание:Сканирование папки завершено：C:/Users/18890/Desktop/box_5/test_catalog/unsorted,собрано 10 действительных файлов
2025-11-21 13:50:09,819 - [INFO] - функция:get_all_files - содержание:Начало рекурсивного сканирования папки：C:/Users/18890/Desktop/box_5/test_catalog/sorted
2025-11-21 13:50:09,819 - [INFO] - функция:get_all_files - содержание:Сканирование папки завершено：C:/Users/18890/Desktop/box_5/test_catalog/sorted,собрано 5 действительных файлов
2025-11-21 13:50:09,819 - [INFO] - функция:get_ignore_list_path - содержание:Путь к списку исключений: C:\Users\18890\Desktop\box_5\test_catalog\Игнор-лист\ignore_list.txt
2025-11-21 13:50:09,820 - [INFO] - функция:load_ignore_list - содержание:Загрузка списка игнорирования: 1 запись
2025-11-21 13:50:09,820 - [INFO] - функция:find_unsorted_files - содержание:Начало фильтрации неотсортированных файлов：общее количество исходных файлов=10,общее количество отсортированных файлов=5,список игнорируемых файлов=['1.pptx']
2025-11-21 13:50:09,820 - [INFO] - функция:find_unsorted_files - содержание:Фильтрация неотсортированных файлов завершена,найдено 5 неотсортированных файлов
2025-11-21 13:50:10,413 - [INFO] - функция:get_ignore_list_path - содержание:Путь к списку исключений: C:\Users\18890\Desktop\box_5\test_catalog\Игнор-лист\ignore_list.txt
2025-11-21 13:50:10,413 - [INFO] - функция:load_ignore_list - содержание:Загрузка списка игнорирования: 1 запись
